<?xml version="1.0" encoding="UTF-8"?>
<testng-results ignored="0" total="1" passed="1" failed="0" skipped="0">
  <reporter-output>
  </reporter-output>
  <suite started-at="2020-07-07T20:46:01 IST" name="Suite" finished-at="2020-07-07T20:46:09 IST" duration-ms="8467">
    <groups>
    </groups>
    <test started-at="2020-07-07T20:46:01 IST" name="Test" finished-at="2020-07-07T20:46:09 IST" duration-ms="8467">
      <class name="Infy.PDFbrokenlinks">
        <test-method signature="assignment()[pri:0, instance:Infy.PDFbrokenlinks@4efac082]" started-at="2020-07-07T20:46:01 IST" name="assignment" finished-at="2020-07-07T20:46:09 IST" duration-ms="8413" status="PASS">
          <reporter-output>
          </reporter-output>
        </test-method> <!-- assignment -->
      </class> <!-- Infy.PDFbrokenlinks -->
    </test> <!-- Test -->
  </suite> <!-- Suite -->
</testng-results>
